{
  "stats": {
    "suites": 1,
    "tests": 2,
    "passes": 2,
    "pending": 0,
    "failures": 0,
    "start": "2026-05-25T23:19:43.785Z",
    "end": "2026-05-25T23:19:50.067Z",
    "duration": 6282,
    "testsRegistered": 2,
    "passPercent": 100,
    "pendingPercent": 0,
    "other": 0,
    "hasOther": false,
    "skipped": 0,
    "hasSkipped": false
  },
  "results": [
    {
      "uuid": "68d2cc04-dd71-40d0-9ac9-6f0cd8786bad",
      "title": "",
      "fullFile": "cypress\\e2e\\tables\\webTables.cy.js",
      "file": "cypress\\e2e\\tables\\webTables.cy.js",
      "beforeHooks": [],
      "afterHooks": [],
      "tests": [],
      "suites": [
        {
          "uuid": "fd77c96d-ae6f-4476-a9fd-e70089179190",
          "title": "Web Tables",
          "fullFile": "",
          "file": "",
          "beforeHooks": [],
          "afterHooks": [],
          "tests": [
            {
              "title": "should add a new record successfully",
              "fullTitle": "Web Tables should add a new record successfully",
              "timedOut": null,
              "duration": 4486,
              "state": "passed",
              "speed": "fast",
              "pass": true,
              "fail": false,
              "pending": false,
              "context": null,
              "code": "webTablesPage.addNewRecord(testData.employeeData);\nwebTablesPage.validateRecordExists(testData.employeeData.email);",
              "err": {},
              "uuid": "92127090-2c7b-45e6-ba73-4c0b39e9ac54",
              "parentUUID": "fd77c96d-ae6f-4476-a9fd-e70089179190",
              "isHook": false,
              "skipped": false
            },
            {
              "title": "should delete an existing record",
              "fullTitle": "Web Tables should delete an existing record",
              "timedOut": null,
              "duration": 1503,
              "state": "passed",
              "speed": "fast",
              "pass": true,
              "fail": false,
              "pending": false,
              "context": null,
              "code": "webTablesPage.deleteRecord();\nwebTablesPage.validateRecordDeleted('cierra@example.com');",
              "err": {},
              "uuid": "f390da8a-c762-4f16-8a72-48b1eff70f20",
              "parentUUID": "fd77c96d-ae6f-4476-a9fd-e70089179190",
              "isHook": false,
              "skipped": false
            }
          ],
          "suites": [],
          "passes": [
            "92127090-2c7b-45e6-ba73-4c0b39e9ac54",
            "f390da8a-c762-4f16-8a72-48b1eff70f20"
          ],
          "failures": [],
          "pending": [],
          "skipped": [],
          "duration": 5989,
          "root": false,
          "rootEmpty": false,
          "_timeout": 2000
        }
      ],
      "passes": [],
      "failures": [],
      "pending": [],
      "skipped": [],
      "duration": 0,
      "root": true,
      "rootEmpty": true,
      "_timeout": 2000
    }
  ],
  "meta": {
    "mocha": {
      "version": "7.2.0"
    },
    "mochawesome": {
      "options": {
        "quiet": false,
        "reportFilename": "mochawesome",
        "saveHtml": true,
        "saveJson": true,
        "consoleReporter": "spec",
        "useInlineDiffs": false,
        "code": true
      },
      "version": "7.1.4"
    },
    "marge": {
      "options": null,
      "version": "6.3.2"
    }
  }
}